Case #1:
109145.341
93933.3232
34408.4315
44847.5307
34736.9802
36578.6457
49527.6593
56258.6548
55849.9881
6830.72775
49896.9598
45100.3029
2165.20744
45528.0158
43105.3019
75806.6387
53260.2117
34639.1559
20756.4150
27597.4342
71799.5708
68977.2831
42750.4785
25832.6532
52123.1153
95050.8082
86072.8873
19171.6142
23712.4749
63541.7748
60376.6475
64656.0718
133910.212
72475.2768
195193.956
17627.2873
337527.207
28662.6903
33959.7496
Case #2:
831805
1289.81006
1289.81006
1289.81006
1289.81006
2
1289.81006
1289.81006
831805
2
831805
1289.81006
2
1289.81006
831805
1289.81006
2
2
831805
831805
1289.81006
2
2
1289.81006
1289.81006
2
1289.81006
1289.81006
1289.81006
1289.81006
1289.81006
1289.81006
1289.81006
831805
1289.81006
2
1289.81006
1289.81006
2
1289.81006
1289.81006
1289.81006
2
831805
1289.81006
1289.81006
1289.81006
831805
1289.81006
2
2
1289.81006
831805
1289.81006
1289.81006
831805
831805
2
1289.81006
1289.81006
1289.81006
1289.81006
831805
1289.81006
1289.81006
2
831805
1289.81006
1289.81006
1289.81006
1289.81006
1289.81006
1289.81006
1289.81006
1289.81006
1289.81006
1289.81006
2
1289.81006
2
1289.81006
831805
2
831805
2
831805
1289.81006
2
1289.81006
2
1289.81006
Case #3:
149668.298
41205.4610
19761.9896
41262.2721
56956.4151
139278.931
2525.16724
36329.7971
21494.7983
48.6557103
23302.2151
61201.2044
40218.7182
23924.5575
41262.2721
9535601.46
19600.9061
173777.452
18406.1303
3570.36989
21913.6167
24427.5953
20219.4113
2541.40167
8436.75883
23231.3558
109296.804
107879.882
133205.332
35858.6512
304.197049
24625.0118
34115.7294
35399.8815
197.713413
Case #4:
6325.27486
56332.2181
106325.039
283080.554
447763.001
359310.410
272044.200
33406.3121
210920.232
820039.410
1621922.86
572776847
235443.693
1101168.62
Case #5:
2041.26741
1399.31303
1197922.43
35783.9804
50094.7562
32312.9582
19993.5313
139233.131
43833.0710
24641.8765
31360.5941
12502.2858
43391.3623
56806.7173
719246.532
18255.4841
39843.8931
468212.755
11984.6047
85747.9419
25569.2970
900694.068
4096.81248
53884.1212
28698.8800
29467.3394
29382.6040
111.598719
34670.8392
11556.0218
57017.9643
11110.5133
32680.1541
22953.5975
82191.6266
11260.0874
13377.5676
38464.8021
32878.4596
6371343.98
23664.7322
17924.0876
558.842067
58339.5355
28995.1141
41069.0934
94144.7765
44341.8422
29489.6260
101850.727
29258.8819
13586.1178
22541.2813
4350.01448
1745.52978
209.417699
6371343.98
56462.8562
11939746.5
4305.73106
11539
19586.4546
28936.8371
65850.1400
68156.5939
12093.4220
28358.8590
9793.33242
46978.2378
Case #6:
29655.6658
34609.6851
39657.9932
35626.2064
31694.8912
44383.2246
30584.0496
42674.2717
27954.1527
31533.0272
30419.5234
37531.4805
33316.7605
4014.72602
29010.7409
30897.0367
12155.7573
33754.7016
33760.6750
2878.34573
29046.7475
31427.5515
38345.0712
29797.7927
30338.3740
3564.99524
39220.0563
26461.3611
31204.4280
49589.3877
60382.1796
34994.7483
12871.6824
30081.2418
20707.8744
33073.7036
50622.5911
28548.1030
39683.1565
32179.7102
28321.0396
26242.3863
23220.7742
27334.6350
40185.8591
51404.9746
81491.5698
50429.4140
3940.91641
33061.6859
47329.8911
49801.7859
62163.4149
21794.6708
19084.2800
28160.2622
83271.4970
34250.9145
54799.2516
35820.5443
33104.6696
17808.8367
8633.50060
28158.3824
38818.6173
27226.8431
55654.1327
29127.7896
33960.7639
40161.5640
38050.0246
28233.0189
13675.1175
187728.102
44488.6925
22444.5714
20726.6436
30413.6377
26611.4047
30785.7374
24856.7530
31866.6564
33933.0902
34145.9469
42983.7789
31369.4992
24114.1609
41425.0529
31557.8601
19071.6636
88859.7785
36216.3710
33551.2943
21496.8525
21869.1669
29849.5932
155924.705
23352.3177
35202.3734
32429.9456
Case #7:
57992.5225
61367.4385
48508.7760
57963.2911
46661.9541
156530.706
44551.4734
77528.5157
236587.633
65577.1027
37998.8173
94931.9342
31952.4689
58227.9569
54519.3792
43975.2721
48302.8760
53802.5807
55808.3665
50893.1293
54330.0175
55350.6197
52320.5254
54728.7985
46219.1216
54014.1518
53488.2342
52667.1911
45809.1577
54846.5480
50328.5296
32990.4751
53734.3176
79077.0206
55502.3447
79860.8892
61699.4031
80464.9945
62846.0471
54638.6196
49290.8206
45147.9914
50762.4076
64079.2204
59035.8310
57615.6060
67971.6736
51547.5312
32893.6148
45149.2761
75377.0758
43483.8277
55886.0630
49238.3020
56432.2021
99369.8798
78854.0032
99418.1633
50217.8123
25273.3600
50530.9551
47330.5271
46214.0113
70869.5932
88093.6967
69456.6721
77842.0193
53722.0460
51422.3264
61821.5857
58908.4325
26688.4634
53204.3304
3322626.44
57779.0276
50573.4088
51672.5132
59425.3761
57738.3101
116855.159
45270.1124
41349.5711
49645.2277
45503.9933
75001.3068
5778.73551
23446.1985
47732.3891
54539.2044
60304.1474
55885.3239
59731.4065
52071.0310
51377.3616
53673.3690
44436.6692
67339.6708
56774.0562
38595.7854
55267.7916
Case #8:
1032.66504
29170.7084
36302.6250
Case #9:
5724246.68
181.016574
1
Case #10:
3479.03238
37008.5169
21522.2162
9043.92070
22792.6572
11536.1368
576328.124
514.562921
65283.0233
14593.7139
30.2158083
15556.5439
6392.39449
339.788169
5682.30520
5
3235.42880
28253.4202
69650.6631
12122.7352
6162.37868
15182.4098
1171.37058
33064.1240
43828.5136
927.616300
530.939680
65629.0595
12470.9351
Case #11:
52000.8840
107847.836
21544.4073
48938.1718
33473.0682
17167.7372
77484.8048
28807.5536
14710.1702
26457.3916
9273.90286
38547.4244
40879.6171
43534.3407
27217.7438
39678.7138
28408.1110
19144.9513
34149.3381
38277.5322
41934.3609
249661.892
39315.8318
32959.4377
57835.0227
44533.6935
33469.9555
25809.7952
44187.1003
67215.0122
193036.281
27721.1025
94771.5146
48609.7078
21305.9256
35306.7387
14487.6330
25889.8228
43150.2571
25258.9696
80431.3602
56388.5281
70556.4087
24510.2525
37680.7287
26138.6194
100918.143
76821.4480
37591.0573
67473.0708
43390.5669
35209.2754
31229.0366
41889.4852
42233.2088
68069.3565
83446.8442
30653.2689
85664.8465
22855.0697
59058.9503
38782.8857
43529.9479
30950.9098
68406.3472
25699.7673
51708.4499
61987.4692
21353.0326
24025.1346
27930.1977
106906.137
41289.4774
35900.8550
66338.1063
31297.7629
11647.8633
75991.9818
25455.9367
53737.0466
40121.5707
195444.174
37075.0049
56556.7488
36333.3923
25306.4819
35397.9173
51757.3450
385551.230
32350.8712
38963.0085
33492.4513
13916.9182
29895.4106
29777.8212
22957.9341
118454.453
48739.2513
47468.8253
141463.728
Case #12:
31598.6267
5413.47636
7117.17166
12212.9532
11336.2946
3814.33638
10256.1050
26661.8269
29929.6955
24351.1602
39136.9458
41316.9691
1540.22698
5998.75010
11490.7296
5876.67043
85922.0596
7878.96538
8722.98951
7953.63977
9131.93069
29255.1924
8839.03031
6874.61447
13749.2581
9841.46214
8682.96015
13223.1541
2942.50141
7794.63709
7366.70715
6363.32187
9801.12429
7196.21857
9827.45800
4130.69256
7216.83429
10764.9943
26290.3074
60495.8413
45328.0691
770.311933
12742.0902
38060.9047
79189.8755
5725.34350
5121.11157
6138.52204
1104.56973
12173.4744
44283.9860
20070.9879
3165.90880
39634.1483
49227.5577
10491.6095
6159.39889
29380.1745
10593.7733
7
10257.0972
8663.51397
3065.54788
Case #13:
131300.370
521296.985
725087.359
134890.350
82543.6481
238316.275
148772.070
41455.5832
75129.4688
206916.421
542718.672
8824.41154
370694.566
247.397442
68832.9535
17356.3998
59101.7484
19472.0848
2329827.02
8765.62010
23186.4010
2384627.70
150457.755
41198.3572
183205.077
263302.916
108263.627
163837.518
111669.061
287401.638
217771.123
227773.170
162653.466
17310309.2
3673.03075
22719.4310
90053.1584
388281.783
575646.112
35749.2587
834920.316
16424.3015
180252.088
1641153.68
276026.841
359299.452
64589.6303
352646.898
369461.130
544683.931
617675.787
164630.827
63861.3852
105126.438
59488186.4
57211.9634
224410.712
377134.278
30228.7808
49120.7508
165440.351
34795.1559
196130.630
35262.4194
191236.440
260307.496
22271.5164
18680.4122
33145.9831
13234.0407
394359.658
Case #14:
44025.7738
64489.0928
48783.9398
76443.2038
54567.2639
50478.1082
56441.0970
92153.8322
50158.0491
56588.9801
50174.2246
21358.2598
94586.0829
36542.1944
25583.0903
135851.089
Case #15:
7131.25828
2388.87630
12507.7118
5356.96447
7716.64454
5310.87085
409296.106
27285.9066
9858.53982
7324.42451
191.113754
8605.55912
14945.9597
4559.03469
2166709.41
14719.2751
9291.07585
10310.0095
10682.2247
47648.9399
20842.1974
8245.29183
37937.7057
2082.82384
11736.9562
11093.1363
17805.6544
1650.64558
9165.35701
12516.7403
9761.44404
6660.85331
729914.835
264.122897
18435.9620
15595.8231
13980.6385
26635.8753
12505.4382
10117.9596
13310.3814
1147.17189
2420.32081
7595.95747
16110.5357
18212.3670
22863.1152
8207.16827
3547.77916
27445.4761
7713.52843
6797.41046
1451358.70
2111.39682
8613.50924
62351.7132
16234.9649
2099984.88
42118.4461
29486.0816
3672.51814
2808.95223
55697.7092
9217.39691
11463.3572
40615.9834
7887930.80
4839.35248
4047.50493
8609.88690
1205.56666
8740.92999
44453.1023
1499.64332
12914.9913
3933.75733
9173.86793
Case #16:
19836.7267
20992.1463
135452.725
12393.9132
3414032.66
16644.8502
37567.5880
95534.3969
7494.89483
320811.487
33865.5091
95059.2824
11124.2750
302937.537
37389.7026
345161.350
203647.834
87275.1636
350572202
142718.318
76127.0533
30824.5430
92276.9672
1363912.32
4011130.66
628486.235
106734.938
90020.5906
330668403
802265.712
139137997
68074.3494
21490.1620
54797.3238
133094.837
247822.146
29530.5499
560577.311
23701.6790
40312.9362
37066.7601
119378.644
34342.0874
713946.856
64990.0154
45560.4402
1220004.36
35833.9267
419824.939
108913.024
69626.7391
1529191.07
16205.9961
42116.0335
139026.885
372.225743
424651.703
1307844.27
21253.6691
345161.350
36190.9503
31347.8506
708589.082
69862.9423
8039.61259
87502.3156
2576864.22
8064
92749.6946
45405.3774
35650.1339
32534.0096
109464.037
51445.8167
81260.3854
90150.4896
85246.0865
105375.389
51732.4855
306047.137
33295.6965
61069.8533
6321.51645
82213.6694
23292.2447
92197
78036.4786
9723.04000
51572.0864
37397.1461
79807.3010
45590.0325
127259.539
44713.6793
92218.9955
Case #17:
18581.6722
4615.02321
92140.4117
23317.2675
2859.43606
27071.8677
1265.59474
106172.223
22449.0192
24210.4642
25371.3036
13579.5470
37358.1836
6018681.32
716.219411
29007.1451
55120.3742
20730.1372
64857.6029
4664.28233
171621.298
3511.20660
4102.36070
567329274
31767.5063
13069.2572
208248.974
31413.4915
53289.2008
21911.2514
12981.5005
173691.987
87093.7401
79079.4175
30530.8749
21468.0532
16536.7527
16157.6789
12766.9796
23613.1074
44685.3836
43545.1344
60607.6449
27879.1347
44651.5184
14289.6884
9419.08534
19552.5612
Case #18:
95298.7180
73690.0286
53397.6761
5468.96709
1459518.54
13687.5396
75976.0252
712091.801
4388.81824
59311.8164
55621.0300
78371.2810
2599.48942
19826.8731
2592.17497
231686.178
55024.2221
161047.523
150997.100
221949.361
10509.4386
7101.78585
82702.0499
24797.4472
54028.0450
11827066.0
156385.931
45083.2622
100237.400
11827066.0
28423.3232
10239.2888
113188.811
23573.9742
63657.7987
22777.3594
3021027.92
108628.645
2521.27128
1912648.14
107.450917
19018.9916
76502.9784
21888.6767
267035.225
115272.461
370965.598
175484.336
47106.4833
42480.9419
Case #19:
85033.8004
1132.25558
8260.56340
311828.011
36747.0307
58389.8274
12880.1791
6416.56916
5394.99003
8129.86231
386.921430
163740.798
20059.9424
11724.6746
16432.0997
970.019461
8320.35266
15781.8445
24048.9593
12195.3086
16400.3029
109285.603
7037.78743
10701.2300
6685.77420
30018.2293
25156.4345
9084.82944
42572.1869
16299.9956
9816.62507
13639.1174
13778.1691
11512.8379
18504.3904
254548.576
26049.1229
15594.4370
3658.25782
7331.98775
11046.6724
11417.9546
9906.52752
153.284843
85804.3195
14104.3837
3716.04204
11227.8174
18807.6378
1217.37747
6317.89626
157260.186
4489.32671
87144.7195
15425.6291
6777.15217
13610.8943
8845.70110
Case #20:
49585.2270
105266.102
41590.9408
100293.747
52344.2057
173596.848
Case #21:
36422.6548
30922.4384
18999.4040
6487.69553
25021.9176
76867.3160
23580.9809
28851.7743
25603.5537
24144.9413
19744.3707
5323.60043
22107.2881
14875.3641
2173.95304
56154.8170
127806.672
20681.2543
52017.9904
616948.631
680.280656
17876.0299
60061.1798
22455.1389
34140.6619
2760.11866
27991.4155
408843.577
34306.3494
7196.49127
15184.0926
18025.4920
441884855
26883.1936
5899.93802
17938.8352
12036.2034
756.287365
24283.1433
19542.9219
258645.006
25209.7376
31290.1069
22574.2949
39203.1548
36457.2028
6667.90827
8528.77825
10683.0293
20778.8416
12981.3209
25298.5385
192434.061
11858.8864
340630.142
10365.6101
14404.5542
19250.6826
7737.57285
334285.425
24207.7059
26819.5522
11642588.1
19924.9270
Case #22:
26765.1445
26309.4842
31618.7810
23992.3266
31178.4747
30600.6708
30493.6582
22323.0437
30905.5286
21743.2646
30671.5543
16164.3321
25938.4954
70157.9869
30924.7062
32181.3509
25587.2161
30888.3200
89524.1192
29990.5971
46695.9661
23745.3608
30141.2898
30206.7212
20600.7772
28040.0084
28236.5297
22164.0387
28688.4227
31630.2158
18152.4847
35189.2120
36321.7748
54460.8982
36665.2711
29865.6710
29236.3021
29970.6610
27236.0706
28481.8343
32127.2527
24755.7288
30964.8956
33174.2188
29414.3000
21649.0745
24351.5597
60634.1011
33600.3345
27447.5356
30458.0260
40596.6590
62702.1890
42772.6176
23686.2947
29822.9420
42853.4685
45023.1575
30242.5565
29799.5300
13973.7487
58338.0463
30224.4983
30265.3069
43737.6241
21677.6685
25259.0577
20936.2148
37846.9973
19402.3182
30535.6187
34940.1623
28348.2449
36679.1888
35820.4962
58088.4770
27690.4565
29798.6322
30250.5859
23767.9144
20009.3672
32043.6940
106071.770
32675.6266
34244.0716
29845.7461
17830.6651
25879.5168
24086.2988
28346.1474
31613.8513
35423.9580
30519.8508
74389.9110
31644.5810
29731.5182
145695.499
29928.4987
32579.5784
58476.9593
Case #23:
51222.3868
83394.9274
35441.2991
39586.3938
74490.8969
75832.4366
73799.1758
26975.7284
35207.8056
42271.9491
55544.3736
42348.7380
65570.8718
29892.0069
11937.1838
37541.5604
327205.034
15047.6438
3493116.33
47771.4877
39880.4037
34974.9770
42209.6685
40259.4496
26963.4466
38829.7838
45560.1382
35521.8996
32383.5262
46700.1316
56847.5989
80594.6169
25531.1230
38356.2730
66712.6863
41646.8579
10734.3453
33261.1573
78580.0882
1
31136.6101
16600.0838
104816.241
68825.2585
14373.3295
118499.426
39437.7044
20222.6943
1826.48894
65990.6699
15834.7883
57044.1698
42156.2491
40644.9658
11003.8792
53746.7092
58429.4322
49863.9691
48571.8563
48713.9677
36017.3530
55359.7343
244887.435
42539.5639
40859.8773
32237.9216
35774.2305
42176.2026
11403.4695
49720.8924
45647.0333
10498.9796
43824.8557
13281.8408
82747.6356
75659.4391
5213.08344
36118.7198
3320.85801
85876.8471
21029.2932
848627.455
46865.2520
42301.7005
32826.5733
221683.515
64715.9976
97156.5623
71293.7330
413388.171
91601.6711
35860.2104
22143.3836
34400.4250
26570.2976
37581.8794
33179.6828
85760.5254
4990.69462
31638.9835
Case #24:
5334.93903
25464.5601
5331.66469
15761.0248
4978.74413
12716.4975
180660.034
12166.2564
20116.3208
52429.2100
31514.7257
18883.7377
9615.37898
97902.3263
26103.6659
170482.208
53946.4506
20491.7264
24841.6700
13962.2039
22226.8367
122342.931
9128.12410
117212.902
5919.11362
31088.6499
30041.1029
81367.3448
50000.9986
163405.095
372714.215
25849.0275
36873.7819
28413.0145
9714877.10
42711.9652
107453.778
Case #25:
40390.8283
35789.5480
37278.2640
43604.6831
37031.6963
41167.7186
64282.1921
60441.3504
20067.0700
56796.6542
18684.4096
35779.5606
53576.9382
29751.8631
43192.5607
34089.8165
38054.1859
38061.9123
34736.7867
60649.0824
45493.9883
69808.7291
50838.7598
40229.2829
53424.3139
39848.9629
39880.3873
41609.6056
36144.1639
46025.5843
4161.69589
42212.3696
37741.4106
31325.5162
81567.2585
32713.9645
23356.8023
57660.8605
18814.9885
47885.0055
5323.05859
56504.1602
41256.5790
40323.9213
46092.7573
30417.7197
50703.4624
44292.9121
35660.2815
46735.1609
99632.7151
18766.5543
37256.6761
8599.67451
46377.2618
60573.3953
42171.2306
55170.4404
56548.4786
49647.7443
41692.6664
42081.4730
48111.3012
48744.3174
43018.2883
73769.6801
42838.0832
39820.4075
10387.7468
34570.6426
32163.2164
44835.3222
38897.4158
40243.6715
7162343.84
47402.5289
27074.7793
53007.2766
41399.4729
34226.2457
10782.5204
47590.1093
31539.4460
31221.0192
12362.0925
48124.2583
49366.2892
44241.9862
39278.5917
40496.6686
33078.5781
33990.5757
54316.9980
44167.7198
43553.7197
41143.1296
139394.732
43722.4021
39947.2065
34153.9254
Case #26:
81849.8700
78724.8629
459517.200
95306.2247
167109.240
73764.9895
65490.1623
80024.5324
177289.212
71722.0164
80073.6965
190154.136
127429.382
189740.688
162227.787
41565.1279
340496.138
137730.119
263277.346
5635749.93
98211.0637
125129.006
39807.4517
130401.601
120353.654
120913.774
253267.184
105855.109
67515.0319
143983.938
44247.7388
201578.900
104149.989
122429.654
43678749.5
62215.5277
4
104891.806
184087.769
159599.890
98783.0933
33715.9279
93302.3566
29917.8098
6715.93042
30088.5933
142168.911
117765.110
160104.069
108211.186
100781.912
104136.622
279102.529
132731.465
99724.9969
280856.753
170074.370
248642.276
95065.5103
62448.7505
55405.5445
7826.32117
12994.9212
188663.834
158644.117
142651.494
127117.703
37410.4214
19741.7704
142678.954
99269.1482
721125.798
223672.671
271960.186
143862.571
70619.5248
88265.4244
135265.394
132087.240
150708.690
137410.281
18105.0553
116920.533
363855648
1104.14588
104190.781
128580.928
164771.416
861363.475
9819.70265
115725.331
9431.05961
135398.208
16548.2201
151416.687
Case #27:
236690282
116740.178
159646.043
307599.664
3726255.75
136876.775
211572.495
146966.822
319357.995
942895.835
85349.9981
144786.489
408345.319
22079.5007
Case #28:
398565.556
14430.9011
Case #29:
87785.0192
22398.1124
121.934435
206866.016
23620.7449
671.924056
15576.4050
40958.2787
10309.1716
147523.536
21953.6427
22825.0395
18897.8383
11539.7695
183579.463
228435.600
4984.73889
2557.18385
19055.1360
65614.4253
260.767606
23700.7488
38428.8407
5748.32899
21469.4212
15052.7354
76852.1261
4090.62511
55550.4465
157692.365
13447.6622
9560.49768
18034.2721
247.559660
48727.2740
15644.5975
1294585.38
575479.917
3529.47579
7856.45729
40092.4321
249.437577
2513.35171
14007.0546
12108.4717
5857.01505
689.747667
12506.7505
17602.6819
Case #30:
30429.4719
28684.4325
50774.8346
26342.3252
27867.7555
47661.6001
35224.6164
28855.7381
26206.1788
10155.0546
21260.2037
46566.1275
21672.1617
23090.6645
12940.7728
26277.0362
39882.9786
34493.7832
27668.9037
36181.5720
43512.7711
586.934987
30887.2926
22045.9746
35197.8045
32683.6320
29505.7962
20568.3815
37953.7569
35577.2275
29881.9339
31608.2490
33658.9134
66247.0477
44633.1118
28880.1799
24076.2889
36074.9480
31138.5530
31117.2178
26595.2099
51853.1569
33423.8252
25490.6555
29097.4542
34828.5923
32767.8845
31879.4424
22062.1547
39856.8528
21254.7808
2820.36190
33647.9068
21845.6629
5070.83147
44238.2253
31957.1147
34430.6724
24585.1900
33256.1724
34888.1589
195411.574
27014.1447
20245.7563
82333.6863
22220.6683
48360.2063
24225.8815
31999.5142
15311.1072
50701.1907
27003.6703
28709.9598
22405.5322
28651.1132
28402.1097
74771.5800
283707.436
36069.9941
33104.4981
19635.2803
31028.4128
30651.9196
244023.344
30703.8676
28429.6648
30474.9407
29087.3469
32062.5873
36470.2408
28464.2947
32436.5091
36142.9002
290478.997
30252.2916
52636.9770
29242.8358
31945.3225
23831.3051
29417.2397
Case #31:
4452436.96
51798.0685
328069.167
18193.9900
74420.3925
57832.8818
46418.0900
50444.8345
176353.389
15109.7664
18351.3658
39783.3229
120652.185
57789.0908
32536.0100
85137.1698
50398
19392.2062
12682.4660
79904.5745
940090.316
68090.6742
19843.4095
21076.8212
128536.276
36622.7860
40816.8273
46574.3788
761882.903
22308.2666
102482.863
81291.5903
25659.6371
31778.1523
69619.0179
81303.7190
42722.9718
99319.3869
23225.4194
48879.8854
65052.9745
24091.9820
47970.2063
5096.63376
22476.3354
57771.9384
39245.1104
15831.4174
13879.1370
42105.0443
41065.2435
15059.3217
63551.2260
24578.5171
36743.1053
46173.9078
45897.4364
47799.2469
40801.2711
31037.5246
42905.2900
34734.7028
18260.5905
63430.1606
96908.0537
922086.358
51240.8421
26399.6034
33061.5015
26829.0368
28345.2058
21713.7166
28086.0649
31872.3770
32179.8598
20715.0031
46097.1629
178139.050
49144.3398
6100.90006
289030.249
45816.6798
4394.06337
91383.8256
Case #32:
35637.0190
69128.1009
119660.590
77375.8296
26172.0619
124731.155
102594.631
57162.5935
71773.9499
260483.742
10520.6836
126167.155
114924.525
3122.73478
106756.585
19551075.8
81980.3501
44370.1918
7491.16125
87450.1285
41168.5954
70342.3847
73084.9497
98192.0595
75871.9448
311014.759
69156.7272
66195.2033
86429.5586
Case #33:
880.661526
42501.9446
168431.973
14567.0834
21715.0857
12704.7223
63780.0287
16073.0887
7225.25581
4168.47801
17399.2950
1638.15676
3805.26160
1861.62391
28471.4262
23757.8724
10585.4513
4694.17258
24287.6015
2530.29411
35245.0873
4136.91608
13909.2037
18261.8552
18504.5819
2876.08453
33706.4552
7955.28562
36938.4255
12418.9705
13975.9291
18976.3462
23735.1212
1558.80782
446.184649
17322.0639
44512.5012
6401.85655
30169.0871
20493.2043
47285.8078
5390.25083
7622.29489
Case #34:
46107.0001
31743.7557
28354.2534
46466.8754
44570.4196
34417.6048
71825.3821
29570.8149
55406.8865
39952.3027
41795.2227
34053.8138
57733.5071
46278.3841
41878.2109
46519.3135
50884.1860
8029.47354
38370.6139
70811.8550
46906.5316
40097.2193
43046.4647
74023.0682
37288.2966
34997.7815
34796.9035
